\BOOKMARK [2][-]{subsection.0.1}{\376\377\000I\000m\000p\000o\000r\000t\000i\000n\000g\000\040\000t\000h\000e\000\040\000R\000e\000q\000u\000i\000r\000e\000d\000\040\000L\000i\000b\000r\000a\000r\000i\000e\000s}{}% 1
\BOOKMARK [2][-]{subsection.0.2}{\376\377\000I\000n\000s\000p\000e\000c\000t\000i\000n\000g\000\040\000t\000h\000e\000\040\000D\000a\000t\000a\000s\000e\000t}{}% 2
\BOOKMARK [2][-]{subsection.0.3}{\376\377\000P\000r\000e\000p\000r\000o\000c\000e\000s\000s\000i\000n\000g\000\040\000t\000h\000e\000\040\000D\000a\000t\000a}{}% 3
\BOOKMARK [3][-]{subsubsection.0.3.1}{\376\377\000B\000i\000n\000a\000r\000y\000\040\000E\000n\000c\000o\000d\000i\000n\000g}{subsection.0.3}% 4
\BOOKMARK [2][-]{subsection.0.4}{\376\377\000E\000x\000p\000l\000o\000r\000a\000t\000o\000r\000y\000\040\000D\000a\000t\000a\000\040\000A\000n\000a\000l\000y\000s\000i\000s}{}% 5
\BOOKMARK [3][-]{subsubsection.0.4.1}{\376\377\000D\000i\000s\000t\000r\000i\000b\000u\000t\000i\000o\000n\000s\000\040\000o\000f\000\040\000C\000a\000t\000e\000g\000o\000r\000i\000c\000a\000l\000\040\000V\000a\000r\000i\000a\000b\000l\000e\000s}{subsection.0.4}% 6
\BOOKMARK [3][-]{subsubsection.0.4.2}{\376\377\000D\000i\000s\000t\000r\000i\000b\000u\000t\000i\000o\000n\000s\000\040\000o\000f\000\040\000C\000o\000n\000t\000i\000n\000u\000o\000u\000s\000\040\000V\000a\000r\000i\000a\000b\000l\000e\000s}{subsection.0.4}% 7
\BOOKMARK [3][-]{subsubsection.0.4.3}{\376\377\000N\000u\000m\000e\000r\000i\000c\000\040\000R\000e\000l\000a\000t\000i\000o\000n\000s\000h\000i\000p\000s\000\040\000w\000i\000t\000h\000\040\000G\0003}{subsection.0.4}% 8
\BOOKMARK [3][-]{subsubsection.0.4.4}{\376\377\000P\000a\000i\000r\000w\000i\000s\000e\000\040\000C\000o\000m\000p\000a\000r\000i\000s\000i\000o\000n\000\040\000o\000f\000\040\000C\000a\000t\000e\000g\000o\000r\000i\000c\000a\000l\000\040\000V\000a\000r\000i\000a\000b\000l\000e\000s\000\040\000v\000s\000\040\000G\0003}{subsection.0.4}% 9
\BOOKMARK [2][-]{subsection.0.5}{\376\377\000C\000o\000r\000r\000e\000l\000a\000t\000i\000o\000n\000\040\000A\000n\000a\000l\000y\000s\000i\000s}{}% 10
\BOOKMARK [3][-]{subsubsection.0.5.1}{\376\377\000C\000o\000r\000r\000e\000l\000a\000t\000i\000o\000n\000\040\000M\000a\000t\000r\000i\000x}{subsection.0.5}% 11
\BOOKMARK [3][-]{subsubsection.0.5.2}{\376\377\000A\000s\000s\000o\000c\000i\000a\000t\000i\000o\000n\000\040\000S\000t\000r\000e\000n\000g\000t\000h\000\040\000f\000o\000r\000\040\000C\000a\000t\000e\000g\000o\000r\000i\000c\000a\000l\000\040\000V\000a\000r\000i\000a\000b\000l\000e\000s}{subsection.0.5}% 12
\BOOKMARK [3][-]{subsubsection.0.5.3}{\376\377\000A\000s\000s\000o\000c\000i\000a\000t\000i\000o\000n\000\040\000o\000f\000\040\000S\000t\000r\000e\000n\000g\000t\000h\000\040\000f\000o\000r\000\040\000N\000u\000m\000e\000r\000i\000c\000\040\000V\000a\000r\000i\000a\000b\000l\000e\000s}{subsection.0.5}% 13
\BOOKMARK [3][-]{subsubsection.0.5.4}{\376\377\000C\000o\000m\000b\000i\000n\000e\000d\000\040\000A\000s\000s\000o\000c\000i\000a\000t\000i\000o\000n\000\040\000o\000f\000\040\000S\000t\000r\000e\000n\000g\000t\000h\000\040\000P\000l\000o\000t}{subsection.0.5}% 14
\BOOKMARK [3][-]{subsubsection.0.5.5}{\376\377\000C\000h\000i\000\040\000S\000q\000u\000a\000r\000e\000\040\000T\000e\000s\000t\000s\000\040\000f\000o\000r\000\040\000C\000a\000t\000e\000g\000o\000r\000i\000c\000a\000l\000\040\000V\000a\000r\000i\000a\000b\000l\000e\000s}{subsection.0.5}% 15
\BOOKMARK [2][-]{subsection.0.6}{\376\377\000I\000n\000f\000e\000r\000e\000n\000t\000i\000a\000l\000\040\000S\000t\000a\000t\000i\000s\000t\000i\000c\000s}{}% 16
\BOOKMARK [3][-]{subsubsection.0.6.1}{\376\377\000T\000-\000t\000e\000s\000t\000s\000\040\000f\000o\000r\000\040\000B\000i\000n\000a\000r\000y\000\040\000C\000a\000t\000e\000g\000o\000r\000i\000c\000a\000l\000\040\000V\000a\000r\000i\000a\000b\000l\000e\000s\000\040\000v\000s\000\040\000G\0003}{subsection.0.6}% 17
\BOOKMARK [3][-]{subsubsection.0.6.2}{\376\377\000A\000N\000O\000V\000A\000\040\000T\000e\000s\000t\000s\000\040\000f\000o\000r\000\040\000M\000u\000l\000t\000i\000-\000l\000e\000v\000e\000l\000\040\000C\000a\000t\000e\000g\000o\000r\000i\000c\000a\000l\000\040\000V\000a\000r\000i\000a\000b\000l\000e\000s\000\040\000v\000s\000\040\000G\0003}{subsection.0.6}% 18
\BOOKMARK [2][-]{subsection.0.7}{\376\377\000C\000h\000e\000c\000k\000i\000n\000g\000\040\000M\000o\000d\000e\000l\000\040\000A\000s\000s\000u\000m\000p\000t\000i\000o\000n\000s}{}% 19
\BOOKMARK [3][-]{subsubsection.0.7.1}{\376\377\000N\000o\000r\000m\000a\000l\000\040\000D\000i\000s\000t\000r\000i\000b\000u\000t\000i\000o\000n\000\040\000o\000f\000\040\000T\000a\000r\000g\000e\000t\000\040\000V\000a\000r\000i\000a\000b\000l\000e}{subsection.0.7}% 20
\BOOKMARK [3][-]{subsubsection.0.7.2}{\376\377\000M\000u\000l\000t\000i\000c\000o\000l\000l\000i\000n\000e\000a\000r\000i\000t\000y\000\040\000o\000f\000\040\000C\000a\000t\000e\000g\000o\000r\000i\000c\000a\000l\000\040\000P\000r\000e\000d\000i\000c\000t\000o\000r\000s}{subsection.0.7}% 21
\BOOKMARK [3][-]{subsubsection.0.7.3}{\376\377\000R\000e\000s\000i\000d\000u\000a\000l\000\040\000D\000i\000s\000t\000r\000i\000b\000u\000t\000i\000o\000n\000\040\000o\000f\000\040\000N\000u\000m\000e\000r\000i\000c\000\040\000V\000a\000r\000i\000a\000b\000l\000e\000s}{subsection.0.7}% 22
\BOOKMARK [3][-]{subsubsection.0.7.4}{\376\377\000H\000e\000t\000e\000r\000o\000s\000c\000e\000d\000a\000s\000t\000i\000c\000i\000t\000y}{subsection.0.7}% 23
\BOOKMARK [2][-]{subsection.0.8}{\376\377\000M\000o\000d\000e\000l\000i\000n\000g}{}% 24
\BOOKMARK [3][-]{subsubsection.0.8.1}{\376\377\000F\000e\000a\000t\000u\000r\000e\000\040\000E\000n\000g\000i\000n\000e\000e\000r\000i\000n\000g}{subsection.0.8}% 25
\BOOKMARK [3][-]{subsubsection.0.8.2}{\376\377\000C\000o\000m\000p\000a\000r\000i\000n\000g\000\040\000M\000o\000d\000e\000l\000s}{subsection.0.8}% 26
\BOOKMARK [3][-]{subsubsection.0.8.3}{\376\377\000I\000n\000t\000e\000r\000p\000r\000e\000t\000i\000n\000g\000\040\000t\000h\000e\000\040\000B\000e\000s\000t\000\040\000M\000o\000d\000e\000l\000\040\000\050\000R\000a\000n\000d\000o\000m\000\040\000F\000o\000r\000e\000s\000t\000\051}{subsection.0.8}% 27
\BOOKMARK [3][-]{subsubsection.0.8.4}{\376\377\000C\000o\000m\000p\000a\000r\000i\000n\000g\000\040\000M\000o\000d\000e\000l\000s\000\040\000\050\000a\000g\000a\000i\000n\000\051\000\040\000W\000i\000t\000h\000o\000u\000t\000\040\000`\000G\0001\000'\000\040\000a\000n\000d\000\040\000`\000G\0002\000'\000\040\000a\000s\000\040\000P\000r\000e\000d\000i\000c\000t\000o\000r\000s}{subsection.0.8}% 28
\BOOKMARK [3][-]{subsubsection.0.8.5}{\376\377\000I\000n\000t\000e\000r\000p\000r\000e\000t\000i\000n\000g\000\040\000B\000e\000s\000t\000\040\000M\000o\000d\000e\000l\000\040\000\050\000a\000g\000a\000i\000n\000\051\000\040\000W\000i\000t\000h\000o\000u\000t\000\040\000`\000G\0001\000'\000\040\000a\000n\000d\000\040\000`\000G\0002\000'\000\040\000a\000s\000\040\000P\000r\000e\000d\000i\000c\000t\000o\000r\000s\000\040\000\050\000R\000i\000d\000g\000e\000\051}{subsection.0.8}% 29
